{"C:\\Applic\\Server\\DBNode-4.0.0-beta-3\\htdocs\\__Projects\\xassist\\submodules\\xassist-eventdispatcher\\dist\\xAssist-eventdispatcher.js":{"path":"C:\\Applic\\Server\\DBNode-4.0.0-beta-3\\htdocs\\__Projects\\xassist\\submodules\\xassist-eventdispatcher\\dist\\xAssist-eventdispatcher.js","s":{"1":1,"2":1,"3":1,"4":7,"5":3,"6":4,"7":1,"8":5,"9":4,"10":1,"11":1,"12":21,"13":1,"14":3,"15":3,"16":1,"17":3,"18":2,"19":1,"20":3,"21":3,"22":1,"23":3,"24":2,"25":1,"26":5,"27":5,"28":5,"29":4,"30":4,"31":5,"32":4,"33":5,"34":1,"35":3,"36":2,"37":3,"38":1,"39":1},"b":{"1":[1,0],"2":[1,1],"3":[0,0],"4":[0,0],"5":[0,0],"6":[3,4],"7":[4,1],"8":[4,3],"9":[1,2],"10":[3,1],"11":[2,1],"12":[1,2],"13":[3,1],"14":[2,1],"15":[4,1],"16":[5,3],"17":[2,1]},"f":{"1":1,"2":1,"3":7,"4":5,"5":21,"6":3,"7":3,"8":5,"9":5,"10":3,"11":3},"fnMap":{"1":{"name":"(anonymous_1)","line":7,"loc":{"start":{"line":7,"column":1},"end":{"line":7,"column":28}}},"2":{"name":"(anonymous_2)","line":11,"loc":{"start":{"line":11,"column":9},"end":{"line":11,"column":28}}},"3":{"name":"EventDispatcher","line":13,"loc":{"start":{"line":13,"column":0},"end":{"line":13,"column":26}}},"4":{"name":"(anonymous_4)","line":21,"loc":{"start":{"line":21,"column":40},"end":{"line":21,"column":71}}},"5":{"name":"(anonymous_5)","line":32,"loc":{"start":{"line":32,"column":35},"end":{"line":32,"column":54}}},"6":{"name":"(anonymous_6)","line":35,"loc":{"start":{"line":35,"column":29},"end":{"line":35,"column":65}}},"7":{"name":"(anonymous_7)","line":46,"loc":{"start":{"line":46,"column":31},"end":{"line":46,"column":67}}},"8":{"name":"(anonymous_8)","line":58,"loc":{"start":{"line":58,"column":31},"end":{"line":58,"column":59}}},"9":{"name":"(anonymous_9)","line":69,"loc":{"start":{"line":69,"column":77},"end":{"line":69,"column":88}}},"10":{"name":"(anonymous_10)","line":76,"loc":{"start":{"line":76,"column":30},"end":{"line":76,"column":58}}},"11":{"name":"(anonymous_11)","line":78,"loc":{"start":{"line":78,"column":77},"end":{"line":78,"column":88}}}},"statementMap":{"1":{"start":{"line":7,"column":0},"end":{"line":88,"column":5}},"2":{"start":{"line":8,"column":1},"end":{"line":10,"column":42}},"3":{"start":{"line":13,"column":0},"end":{"line":19,"column":1}},"4":{"start":{"line":14,"column":1},"end":{"line":16,"column":2}},"5":{"start":{"line":15,"column":2},"end":{"line":15,"column":31}},"6":{"start":{"line":18,"column":1},"end":{"line":18,"column":17}},"7":{"start":{"line":21,"column":0},"end":{"line":31,"column":2}},"8":{"start":{"line":22,"column":1},"end":{"line":30,"column":2}},"9":{"start":{"line":23,"column":2},"end":{"line":26,"column":4}},"10":{"start":{"line":29,"column":2},"end":{"line":29,"column":59}},"11":{"start":{"line":32,"column":0},"end":{"line":34,"column":2}},"12":{"start":{"line":33,"column":1},"end":{"line":33,"column":47}},"13":{"start":{"line":35,"column":0},"end":{"line":45,"column":2}},"14":{"start":{"line":36,"column":1},"end":{"line":38,"column":3}},"15":{"start":{"line":39,"column":1},"end":{"line":41,"column":2}},"16":{"start":{"line":40,"column":2},"end":{"line":40,"column":27}},"17":{"start":{"line":42,"column":1},"end":{"line":44,"column":2}},"18":{"start":{"line":43,"column":2},"end":{"line":43,"column":51}},"19":{"start":{"line":46,"column":0},"end":{"line":57,"column":2}},"20":{"start":{"line":47,"column":1},"end":{"line":50,"column":3}},"21":{"start":{"line":51,"column":1},"end":{"line":53,"column":2}},"22":{"start":{"line":52,"column":2},"end":{"line":52,"column":27}},"23":{"start":{"line":54,"column":1},"end":{"line":56,"column":2}},"24":{"start":{"line":55,"column":2},"end":{"line":55,"column":51}},"25":{"start":{"line":58,"column":0},"end":{"line":74,"column":2}},"26":{"start":{"line":59,"column":1},"end":{"line":59,"column":17}},"27":{"start":{"line":60,"column":1},"end":{"line":60,"column":52}},"28":{"start":{"line":61,"column":1},"end":{"line":72,"column":2}},"29":{"start":{"line":62,"column":2},"end":{"line":62,"column":46}},"30":{"start":{"line":63,"column":2},"end":{"line":68,"column":9}},"31":{"start":{"line":64,"column":12},"end":{"line":67,"column":5}},"32":{"start":{"line":69,"column":2},"end":{"line":71,"column":5}},"33":{"start":{"line":70,"column":3},"end":{"line":70,"column":18}},"34":{"start":{"line":76,"column":0},"end":{"line":82,"column":2}},"35":{"start":{"line":77,"column":1},"end":{"line":81,"column":2}},"36":{"start":{"line":78,"column":2},"end":{"line":80,"column":5}},"37":{"start":{"line":79,"column":3},"end":{"line":79,"column":26}},"38":{"start":{"line":84,"column":0},"end":{"line":84,"column":42}},"39":{"start":{"line":86,"column":0},"end":{"line":86,"column":62}}},"branchMap":{"1":{"line":8,"type":"cond-expr","locations":[{"start":{"line":8,"column":64},"end":{"line":8,"column":80}},{"start":{"line":9,"column":1},"end":{"line":10,"column":41}}]},"2":{"line":8,"type":"binary-expr","locations":[{"start":{"line":8,"column":1},"end":{"line":8,"column":28}},{"start":{"line":8,"column":32},"end":{"line":8,"column":61}}]},"3":{"line":9,"type":"cond-expr","locations":[{"start":{"line":9,"column":46},"end":{"line":9,"column":74}},{"start":{"line":10,"column":2},"end":{"line":10,"column":40}}]},"4":{"line":9,"type":"binary-expr","locations":[{"start":{"line":9,"column":1},"end":{"line":9,"column":29}},{"start":{"line":9,"column":33},"end":{"line":9,"column":43}}]},"5":{"line":10,"type":"binary-expr","locations":[{"start":{"line":10,"column":23},"end":{"line":10,"column":32}},{"start":{"line":10,"column":36},"end":{"line":10,"column":38}}]},"6":{"line":14,"type":"if","locations":[{"start":{"line":14,"column":1},"end":{"line":14,"column":1}},{"start":{"line":14,"column":1},"end":{"line":14,"column":1}}]},"7":{"line":22,"type":"if","locations":[{"start":{"line":22,"column":1},"end":{"line":22,"column":1}},{"start":{"line":22,"column":1},"end":{"line":22,"column":1}}]},"8":{"line":24,"type":"binary-expr","locations":[{"start":{"line":24,"column":11},"end":{"line":24,"column":22}},{"start":{"line":24,"column":24},"end":{"line":24,"column":28}}]},"9":{"line":39,"type":"if","locations":[{"start":{"line":39,"column":1},"end":{"line":39,"column":1}},{"start":{"line":39,"column":1},"end":{"line":39,"column":1}}]},"10":{"line":39,"type":"binary-expr","locations":[{"start":{"line":39,"column":4},"end":{"line":39,"column":11}},{"start":{"line":39,"column":15},"end":{"line":39,"column":56}}]},"11":{"line":42,"type":"if","locations":[{"start":{"line":42,"column":1},"end":{"line":42,"column":1}},{"start":{"line":42,"column":1},"end":{"line":42,"column":1}}]},"12":{"line":51,"type":"if","locations":[{"start":{"line":51,"column":1},"end":{"line":51,"column":1}},{"start":{"line":51,"column":1},"end":{"line":51,"column":1}}]},"13":{"line":51,"type":"binary-expr","locations":[{"start":{"line":51,"column":4},"end":{"line":51,"column":11}},{"start":{"line":51,"column":15},"end":{"line":51,"column":56}}]},"14":{"line":54,"type":"if","locations":[{"start":{"line":54,"column":1},"end":{"line":54,"column":1}},{"start":{"line":54,"column":1},"end":{"line":54,"column":1}}]},"15":{"line":61,"type":"if","locations":[{"start":{"line":61,"column":1},"end":{"line":61,"column":1}},{"start":{"line":61,"column":1},"end":{"line":61,"column":1}}]},"16":{"line":65,"type":"binary-expr","locations":[{"start":{"line":65,"column":4},"end":{"line":65,"column":52}},{"start":{"line":65,"column":54},"end":{"line":65,"column":65}}]},"17":{"line":77,"type":"if","locations":[{"start":{"line":77,"column":1},"end":{"line":77,"column":1}},{"start":{"line":77,"column":1},"end":{"line":77,"column":1}}]}}}}