TN:
SF:C:\Applic\Server\DBNode-4.0.0-beta-3\htdocs\__Projects\utilities\submodules\xassist-eventdispatcher\dist\xAssist-eventdispatcher.js
FN:7,(anonymous_1)
FN:11,(anonymous_2)
FN:13,EventDispatcher
FN:19,(anonymous_4)
FN:30,(anonymous_5)
FN:33,(anonymous_6)
FN:44,(anonymous_7)
FN:56,(anonymous_8)
FN:67,(anonymous_9)
FN:74,(anonymous_10)
FN:76,(anonymous_11)
FNF:11
FNH:2
FNDA:1,(anonymous_1)
FNDA:1,(anonymous_2)
FNDA:0,EventDispatcher
FNDA:0,(anonymous_4)
FNDA:0,(anonymous_5)
FNDA:0,(anonymous_6)
FNDA:0,(anonymous_7)
FNDA:0,(anonymous_8)
FNDA:0,(anonymous_9)
FNDA:0,(anonymous_10)
FNDA:0,(anonymous_11)
DA:7,1
DA:8,1
DA:13,1
DA:14,0
DA:15,0
DA:19,1
DA:20,0
DA:21,0
DA:27,0
DA:30,1
DA:31,0
DA:33,1
DA:34,0
DA:37,0
DA:38,0
DA:40,0
DA:41,0
DA:44,1
DA:45,0
DA:49,0
DA:50,0
DA:52,0
DA:53,0
DA:56,1
DA:57,0
DA:58,0
DA:59,0
DA:60,0
DA:61,0
DA:62,0
DA:67,0
DA:68,0
DA:74,1
DA:75,0
DA:76,0
DA:77,0
DA:82,1
DA:84,1
LF:38
LH:11
BRDA:8,1,0,1
BRDA:8,1,1,0
BRDA:8,2,0,1
BRDA:8,2,1,1
BRDA:9,3,0,0
BRDA:9,3,1,0
BRDA:9,4,0,0
BRDA:9,4,1,0
BRDA:10,5,0,0
BRDA:10,5,1,0
BRDA:20,6,0,0
BRDA:20,6,1,0
BRDA:22,7,0,0
BRDA:22,7,1,0
BRDA:37,8,0,0
BRDA:37,8,1,0
BRDA:37,9,0,0
BRDA:37,9,1,0
BRDA:40,10,0,0
BRDA:40,10,1,0
BRDA:49,11,0,0
BRDA:49,11,1,0
BRDA:49,12,0,0
BRDA:49,12,1,0
BRDA:52,13,0,0
BRDA:52,13,1,0
BRDA:59,14,0,0
BRDA:59,14,1,0
BRDA:63,15,0,0
BRDA:63,15,1,0
BRDA:75,16,0,0
BRDA:75,16,1,0
BRF:32
BRH:3
end_of_record
