TN:
SF:C:\Applic\Server\DBNode-4.0.0-beta-3\htdocs\__Projects\xassist\submodules\xassist-eventdispatcher\dist\xAssist-eventdispatcher.js
FN:7,(anonymous_1)
FN:11,(anonymous_2)
FN:13,EventDispatcher
FN:21,(anonymous_4)
FN:32,(anonymous_5)
FN:35,(anonymous_6)
FN:46,(anonymous_7)
FN:58,(anonymous_8)
FN:69,(anonymous_9)
FN:76,(anonymous_10)
FN:78,(anonymous_11)
FNF:11
FNH:2
FNDA:1,(anonymous_1)
FNDA:1,(anonymous_2)
FNDA:0,EventDispatcher
FNDA:0,(anonymous_4)
FNDA:0,(anonymous_5)
FNDA:0,(anonymous_6)
FNDA:0,(anonymous_7)
FNDA:0,(anonymous_8)
FNDA:0,(anonymous_9)
FNDA:0,(anonymous_10)
FNDA:0,(anonymous_11)
DA:7,1
DA:8,1
DA:13,1
DA:14,0
DA:15,0
DA:17,0
DA:18,0
DA:21,1
DA:22,0
DA:23,0
DA:29,0
DA:32,1
DA:33,0
DA:35,1
DA:36,0
DA:39,0
DA:40,0
DA:42,0
DA:43,0
DA:46,1
DA:47,0
DA:51,0
DA:52,0
DA:54,0
DA:55,0
DA:58,1
DA:59,0
DA:60,0
DA:61,0
DA:62,0
DA:63,0
DA:64,0
DA:69,0
DA:70,0
DA:76,1
DA:77,0
DA:78,0
DA:79,0
DA:84,1
DA:86,1
LF:40
LH:11
BRDA:8,1,0,1
BRDA:8,1,1,0
BRDA:8,2,0,1
BRDA:8,2,1,1
BRDA:9,3,0,0
BRDA:9,3,1,0
BRDA:9,4,0,0
BRDA:9,4,1,0
BRDA:10,5,0,0
BRDA:10,5,1,0
BRDA:14,6,0,0
BRDA:14,6,1,0
BRDA:22,7,0,0
BRDA:22,7,1,0
BRDA:24,8,0,0
BRDA:24,8,1,0
BRDA:39,9,0,0
BRDA:39,9,1,0
BRDA:39,10,0,0
BRDA:39,10,1,0
BRDA:42,11,0,0
BRDA:42,11,1,0
BRDA:51,12,0,0
BRDA:51,12,1,0
BRDA:51,13,0,0
BRDA:51,13,1,0
BRDA:54,14,0,0
BRDA:54,14,1,0
BRDA:61,15,0,0
BRDA:61,15,1,0
BRDA:65,16,0,0
BRDA:65,16,1,0
BRDA:77,17,0,0
BRDA:77,17,1,0
BRF:34
BRH:3
end_of_record
